<?xml version="1.0" encoding="UTF-8"?>
<testng-results skipped="0" failed="1" total="2" passed="1">
  <reporter-output>
  </reporter-output>
  <suite name="Default suite" duration-ms="35841" started-at="2016-05-19T09:37:11Z" finished-at="2016-05-19T09:37:47Z">
    <groups>
    </groups>
    <test name="Default test" duration-ms="35841" started-at="2016-05-19T09:37:11Z" finished-at="2016-05-19T09:37:47Z">
      <class name="testing.DeleteCorpData">
        <test-method status="PASS" signature="setUp()[pri:0, instance:testing.DeleteCorpData@2bfc268b]" name="setUp" is-config="true" duration-ms="9917" started-at="2016-05-19T15:07:11Z" finished-at="2016-05-19T15:07:21Z">
          <reporter-output>
          </reporter-output>
        </test-method> <!-- setUp -->
        <test-method status="FAIL" signature="exportTest()[pri:0, instance:testing.DeleteCorpData@2bfc268b]" name="exportTest" duration-ms="9932" started-at="2016-05-19T15:07:21Z" finished-at="2016-05-19T15:07:31Z">
          <exception class="java.io.IOException">
            <message>
              <![CDATA[Cannot run program "D:\RohitM-IMP\JARS\HitEnter.exe": CreateProcess error=2, The system cannot find the file specified]]>
            </message>
            <full-stacktrace>
              <![CDATA[java.io.IOException: Cannot run program "D:\RohitM-IMP\JARS\HitEnter.exe": CreateProcess error=2, The system cannot find the file specified
	at java.lang.ProcessBuilder.start(Unknown Source)
	at java.lang.Runtime.exec(Unknown Source)
	at java.lang.Runtime.exec(Unknown Source)
	at java.lang.Runtime.exec(Unknown Source)
	at testing.DeleteCorpData.exportTest(DeleteCorpData.java:103)
	at sun.reflect.NativeMethodAccessorImpl.invoke0(Native Method)
	at sun.reflect.NativeMethodAccessorImpl.invoke(Unknown Source)
	at sun.reflect.DelegatingMethodAccessorImpl.invoke(Unknown Source)
	at java.lang.reflect.Method.invoke(Unknown Source)
	at org.testng.internal.MethodInvocationHelper.invokeMethod(MethodInvocationHelper.java:86)
	at org.testng.internal.Invoker.invokeMethod(Invoker.java:646)
	at org.testng.internal.Invoker.invokeTestMethod(Invoker.java:823)
	at org.testng.internal.Invoker.invokeTestMethods(Invoker.java:1131)
	at org.testng.internal.TestMethodWorker.invokeTestMethods(TestMethodWorker.java:129)
	at org.testng.internal.TestMethodWorker.run(TestMethodWorker.java:112)
	at org.testng.TestRunner.privateRun(TestRunner.java:778)
	at org.testng.TestRunner.run(TestRunner.java:632)
	at org.testng.SuiteRunner.runTest(SuiteRunner.java:366)
	at org.testng.SuiteRunner.runSequentially(SuiteRunner.java:361)
	at org.testng.SuiteRunner.privateRun(SuiteRunner.java:319)
	at org.testng.SuiteRunner.run(SuiteRunner.java:268)
	at org.testng.SuiteRunnerWorker.runSuite(SuiteRunnerWorker.java:52)
	at org.testng.SuiteRunnerWorker.run(SuiteRunnerWorker.java:86)
	at org.testng.TestNG.runSuitesSequentially(TestNG.java:1225)
	at org.testng.TestNG.runSuitesLocally(TestNG.java:1150)
	at org.testng.TestNG.runSuites(TestNG.java:1075)
	at org.testng.TestNG.run(TestNG.java:1047)
	at org.testng.remote.AbstractRemoteTestNG.run(AbstractRemoteTestNG.java:126)
	at org.testng.remote.RemoteTestNG.initAndRun(RemoteTestNG.java:137)
	at org.testng.remote.RemoteTestNG.main(RemoteTestNG.java:58)
Caused by: java.io.IOException: CreateProcess error=2, The system cannot find the file specified
	at java.lang.ProcessImpl.create(Native Method)
	at java.lang.ProcessImpl.<init>(Unknown Source)
	at java.lang.ProcessImpl.start(Unknown Source)
	... 30 more
]]>
            </full-stacktrace>
          </exception> <!-- java.io.IOException -->
          <reporter-output>
          </reporter-output>
        </test-method> <!-- exportTest -->
        <test-method status="PASS" signature="deleteCorporation()[pri:1, instance:testing.DeleteCorpData@2bfc268b]" name="deleteCorporation" duration-ms="15468" started-at="2016-05-19T15:07:31Z" finished-at="2016-05-19T15:07:47Z">
          <reporter-output>
          </reporter-output>
        </test-method> <!-- deleteCorporation -->
      </class> <!-- testing.DeleteCorpData -->
    </test> <!-- Default test -->
  </suite> <!-- Default suite -->
</testng-results>
